C:\Git\Angular4\gallery-app\dist\out-tsc\e2e\app.po.js
C:\Git\Angular4\gallery-app\dist\out-tsc\e2e\app.po.js.map
C:\Git\Angular4\gallery-app\dist\out-tsc\e2e\app.e2e-spec.js
C:\Git\Angular4\gallery-app\dist\out-tsc\e2e\app.e2e-spec.js.map
C:\Git\Angular4\gallery-app\dist\out-tsc\src\app\shared\image.service.js
C:\Git\Angular4\gallery-app\dist\out-tsc\src\app\shared\image.service.js.map
C:\Git\Angular4\gallery-app\dist\out-tsc\src\app\app.component.js
C:\Git\Angular4\gallery-app\dist\out-tsc\src\app\app.component.js.map
C:\Git\Angular4\gallery-app\dist\out-tsc\src\app\navbar\navbar.component.js
C:\Git\Angular4\gallery-app\dist\out-tsc\src\app\navbar\navbar.component.js.map
C:\Git\Angular4\gallery-app\dist\out-tsc\src\app\Gallery\gallery.component.js
C:\Git\Angular4\gallery-app\dist\out-tsc\src\app\Gallery\gallery.component.js.map
C:\Git\Angular4\gallery-app\dist\out-tsc\src\app\image\image-detail.component.js
C:\Git\Angular4\gallery-app\dist\out-tsc\src\app\image\image-detail.component.js.map
C:\Git\Angular4\gallery-app\dist\out-tsc\src\app\shared\filter.pipe.js
C:\Git\Angular4\gallery-app\dist\out-tsc\src\app\shared\filter.pipe.js.map
C:\Git\Angular4\gallery-app\dist\out-tsc\src\routes.js
C:\Git\Angular4\gallery-app\dist\out-tsc\src\routes.js.map
C:\Git\Angular4\gallery-app\dist\out-tsc\src\app\app.module.js
C:\Git\Angular4\gallery-app\dist\out-tsc\src\app\app.module.js.map
C:\Git\Angular4\gallery-app\dist\out-tsc\src\environments\environment.js
C:\Git\Angular4\gallery-app\dist\out-tsc\src\environments\environment.js.map
C:\Git\Angular4\gallery-app\dist\out-tsc\src\main.js
C:\Git\Angular4\gallery-app\dist\out-tsc\src\main.js.map
C:\Git\Angular4\gallery-app\dist\out-tsc\src\polyfills.js
C:\Git\Angular4\gallery-app\dist\out-tsc\src\polyfills.js.map
C:\Git\Angular4\gallery-app\dist\out-tsc\src\test.js
C:\Git\Angular4\gallery-app\dist\out-tsc\src\test.js.map
C:\Git\Angular4\gallery-app\dist\out-tsc\src\app\app.component.spec.js
C:\Git\Angular4\gallery-app\dist\out-tsc\src\app\app.component.spec.js.map
C:\Git\Angular4\gallery-app\dist\out-tsc\src\environments\environment.prod.js
C:\Git\Angular4\gallery-app\dist\out-tsc\src\environments\environment.prod.js.map
