[debug] [2018-07-25T04:18:38.743Z] ----------------------------------------------------------------------
[debug] [2018-07-25T04:18:38.748Z] Command:       C:\Program Files\nodejs\node.exe C:\Users\Stephanie\AppData\Roaming\npm\node_modules\firebase-tools\bin\firebase deploy
[debug] [2018-07-25T04:18:38.748Z] CLI Version:   3.19.3
[debug] [2018-07-25T04:18:38.748Z] Platform:      win32
[debug] [2018-07-25T04:18:38.748Z] Node Version:  v10.1.0
[debug] [2018-07-25T04:18:38.749Z] Time:          Wed Jul 25 2018 00:18:38 GMT-0400 (Eastern Daylight Time)
[debug] [2018-07-25T04:18:38.749Z] ----------------------------------------------------------------------
[debug] 
[debug] [2018-07-25T04:18:38.766Z] > command requires scopes: ["email","openid","https://www.googleapis.com/auth/cloudplatformprojects.readonly","https://www.googleapis.com/auth/firebase","https://www.googleapis.com/auth/cloud-platform"]
[debug] [2018-07-25T04:18:38.767Z] > authorizing via signed-in user
[debug] [2018-07-25T04:18:38.770Z] >>> HTTP REQUEST GET https://admin.firebase.com/v1/projects/gallery1-21dc3  
  
 Wed Jul 25 2018 00:18:38 GMT-0400 (Eastern Daylight Time)
[debug] [2018-07-25T04:18:39.050Z] <<< HTTP RESPONSE 200
[debug] [2018-07-25T04:18:39.051Z] >>> HTTP REQUEST GET https://admin.firebase.com/v1/database/gallery1-21dc3/tokens  
  
 Wed Jul 25 2018 00:18:39 GMT-0400 (Eastern Daylight Time)
[debug] [2018-07-25T04:18:39.343Z] <<< HTTP RESPONSE 200
[info] 
[info] === Deploying to 'gallery1-21dc3'...
[info] 
[info] i  deploying hosting
[info] i  hosting: preparing dist directory for upload...
[debug] [2018-07-25T04:18:40.303Z] >>> HTTP REQUEST PUT https://deploy.firebase.com/v1/hosting/gallery1-21dc3/uploads/-LIEeGCd4P5_LmV9tm8j?fileCount=36&message=  
  
 Wed Jul 25 2018 00:18:40 GMT-0400 (Eastern Daylight Time)
