[debug] [2018-05-22T03:06:31.286Z] ----------------------------------------------------------------------
[debug] [2018-05-22T03:06:31.288Z] Command:       C:\Program Files\nodejs\node.exe C:\Users\Stephanie\AppData\Roaming\npm\node_modules\firebase-tools\bin\firebase use --add
[debug] [2018-05-22T03:06:31.289Z] CLI Version:   3.18.5
[debug] [2018-05-22T03:06:31.289Z] Platform:      win32
[debug] [2018-05-22T03:06:31.289Z] Node Version:  v10.1.0
[debug] [2018-05-22T03:06:31.289Z] Time:          Mon May 21 2018 23:06:31 GMT-0400 (Eastern Daylight Time)
[debug] [2018-05-22T03:06:31.289Z] ----------------------------------------------------------------------
[debug] 
[debug] [2018-05-22T03:06:31.304Z] > command requires scopes: ["email","openid","https://www.googleapis.com/auth/cloudplatformprojects.readonly","https://www.googleapis.com/auth/firebase"]
[debug] [2018-05-22T03:06:31.304Z] > authorizing via signed-in user
[debug] [2018-05-22T03:06:31.306Z] > refreshing access token with scopes: ["email","https://www.googleapis.com/auth/cloudplatformprojects.readonly","https://www.googleapis.com/auth/firebase","openid"]
[debug] [2018-05-22T03:06:31.306Z] >>> HTTP REQUEST POST https://www.googleapis.com/oauth2/v3/token  
 { refresh_token: '1/UsygoQZmnz7MBTG9clYd07mKgpbbQg8DCtiIZNIsK6g',
  client_id: '563584335869-fgrhgmd47bqnekij5i8b5pr03ho849e6.apps.googleusercontent.com',
  client_secret: 'j9iVZfS8kkCEFUPaAeJV0sAi',
  grant_type: 'refresh_token',
  scope: 'email https://www.googleapis.com/auth/cloudplatformprojects.readonly https://www.googleapis.com/auth/firebase openid' } 
 Mon May 21 2018 23:06:31 GMT-0400 (Eastern Daylight Time)
[debug] [2018-05-22T03:06:32.977Z] <<< HTTP RESPONSE 200
[debug] [2018-05-22T03:06:33.011Z] >>> HTTP REQUEST GET https://admin.firebase.com/v1/projects  
  
 Mon May 21 2018 23:06:33 GMT-0400 (Eastern Daylight Time)
[debug] [2018-05-22T03:06:34.127Z] <<< HTTP RESPONSE 200
